<?xml version="1.0" encoding="UTF-8"?>
<!-- Generated by org.testng.reporters.JUnitXMLReporter -->
<testsuite ignored="8" hostname="VCS-X6HRSOWYFCU" failures="0" tests="8" name="Default test" time="0.11" errors="0" timestamp="2025-10-05T10:47:07 IST">
  <testcase classname="service.TransactionServiceTest" name="checkDeposit" time="0.017"/>
  <testcase classname="service.TransactionServiceTest" name="checkwithdraw" time="0.001"/>
  <testcase classname="service.TransactionServiceTest" name="checkwithdrawUsingDP" time="0.001"/>
  <testcase classname="service.TransactionServiceTest" name="checkwithdrawUsingDP" time="0.002"/>
  <testcase classname="service.TransactionServiceTest" name="checkwithdrawUsingDP" time="0.003"/>
  <testcase classname="service.TransactionServiceTest" name="checkwithdrawUsingDP" time="0.001"/>
  <testcase classname="service.TransactionServiceTest" name="checkwithdrawUsingDP" time="0.003"/>
  <testcase classname="service.TransactionServiceTest" name="checkwithdrawUsingDP" time="0.001"/>
  <testcase classname="service.TransactionServiceTest" name="checkdepositUsingDP" time="0.0">
    <ignored/>
  </testcase> <!-- checkdepositUsingDP -->
  <testcase classname="service.TransactionServiceTest" name="checkAccountNotFoundException" time="0.0">
    <ignored/>
  </testcase> <!-- checkAccountNotFoundException -->
  <testcase classname="service.TransactionServiceTest" name="checkingInsufficientFundsException" time="0.0">
    <ignored/>
  </testcase> <!-- checkingInsufficientFundsException -->
  <testcase classname="service.TransactionServiceTest" name="checkInvalidAmountException" time="0.0">
    <ignored/>
  </testcase> <!-- checkInvalidAmountException -->
  <testcase classname="service.TransactionServiceTest" name="checkSameAccountTransfer" time="0.0">
    <ignored/>
  </testcase> <!-- checkSameAccountTransfer -->
  <testcase classname="service.TransactionServiceTest" name="checktransferUsingDP" time="0.0">
    <ignored/>
  </testcase> <!-- checktransferUsingDP -->
  <testcase classname="service.TransactionServiceTest" name="checktransfer" time="0.0">
    <ignored/>
  </testcase> <!-- checktransfer -->
  <testcase classname="service.TransactionServiceTest" name="accountNotFound" time="0.0">
    <ignored/>
  </testcase> <!-- accountNotFound -->
</testsuite> <!-- Default test -->
