<?xml version="1.0" encoding="UTF-8"?>
<!-- Generated by org.testng.reporters.JUnitXMLReporter -->
<testsuite ignored="0" hostname="VCS-X6HRSOWYFCU" failures="0" tests="26" name="Test" time="0.175" errors="0" timestamp="2025-10-05T01:03:39 IST">
  <testcase classname="repository.AccountRepositoryTest" name="@BeforeMethod setup" time="0.001">
    <failure type="java.lang.NullPointerException" message="Cannot invoke &amp;quot;repository.AccountRepository.clear()&amp;quot; because &amp;quot;this.accountrepo&amp;quot; is null">
      <![CDATA[java.lang.NullPointerException: Cannot invoke "repository.AccountRepository.clear()" because "this.accountrepo" is null
at repository.AccountRepositoryTest.setup(AccountRepositoryTest.java:23)
at java.base/java.util.ArrayList.forEach(ArrayList.java:1511)
... Removed 31 stack frames]]>
    </failure>
  </testcase> <!-- @BeforeMethod setup -->
  <testcase classname="repository.AccountRepositoryTest" name="@BeforeMethod setup" time="0.0">
    <skipped/>
  </testcase> <!-- @BeforeMethod setup -->
  <testcase classname="repository.AccountRepositoryTest" name="@BeforeMethod setup" time="0.0">
    <skipped/>
  </testcase> <!-- @BeforeMethod setup -->
  <testcase classname="repository.AccountRepositoryTest" name="@BeforeMethod setup" time="0.0">
    <skipped/>
  </testcase> <!-- @BeforeMethod setup -->
  <testcase classname="service.TransactionServiceTest" name="accountNotFound" time="0.005"/>
  <testcase classname="service.TransactionServiceTest" name="checkAccountNotFoundException" time="0.009"/>
  <testcase classname="service.TransactionServiceTest" name="checkInvalidAmountException" time="0.001"/>
  <testcase classname="service.TransactionServiceTest" name="checkingInsufficientFundsException" time="0.0"/>
  <testcase classname="service.TransactionServiceTest" name="checkDeposit" time="0.004"/>
  <testcase classname="service.TransactionServiceTest" name="checkwithdraw" time="0.001"/>
  <testcase classname="service.TransactionServiceTest" name="checktransfer" time="0.002"/>
  <testcase classname="service.TransactionServiceTest" name="checkdepositUsingDP" time="0.001"/>
  <testcase classname="service.TransactionServiceTest" name="checkdepositUsingDP" time="0.0"/>
  <testcase classname="service.TransactionServiceTest" name="checkdepositUsingDP" time="0.001"/>
  <testcase classname="service.TransactionServiceTest" name="checkwithdrawUsingDP" time="0.001"/>
  <testcase classname="service.TransactionServiceTest" name="checkwithdrawUsingDP" time="0.001"/>
  <testcase classname="service.TransactionServiceTest" name="checkwithdrawUsingDP" time="0.001"/>
  <testcase classname="service.TransactionServiceTest" name="checktransferUsingDP" time="0.001"/>
  <testcase classname="service.TransactionServiceTest" name="checktransferUsingDP" time="0.001"/>
  <testcase classname="service.TransactionServiceTest" name="checktransferUsingDP" time="0.001"/>
  <testcase classname="service.BankStatementServiceTest" name="checkStatement" time="0.008"/>
  <testcase classname="repository.AccountRepositoryTest" name="checkDeletion" time="0.0">
    <skipped/>
  </testcase> <!-- checkDeletion -->
  <testcase classname="repository.AccountRepositoryTest" name="checkSave" time="0.0">
    <skipped/>
  </testcase> <!-- checkSave -->
  <testcase classname="repository.AccountRepositoryTest" name="checkfindByAccountNumber" time="0.0">
    <skipped/>
  </testcase> <!-- checkfindByAccountNumber -->
  <testcase classname="repository.AccountRepositoryTest" name="getAllAccounts" time="0.0">
    <skipped/>
  </testcase> <!-- getAllAccounts -->
  <testcase classname="service.AccountServiceTest" name="addAccount" time="0.001"/>
  <testcase classname="service.AccountServiceTest" name="getBalance" time="0.001"/>
  <testcase classname="service.AccountServiceTest" name="deleteAccount" time="0.0"/>
  <testcase classname="service.AccountServiceTest" name="getAllAccounts" time="0.001"/>
  <testcase classname="service.AccountServiceTest" name="checkAccountNotFoundException" time="0.0"/>
</testsuite> <!-- Test -->
