<?xml version="1.0" encoding="UTF-8"?>
<testng-results ignored="0" total="8" passed="8" failed="0" skipped="0">
  <reporter-output>
  </reporter-output>
  <suite started-at="2025-10-05T10:47:07 IST" name="Default suite" finished-at="2025-10-05T10:47:07 IST" duration-ms="110">
    <groups>
      <group name="transaction">
        <method signature="TransactionServiceTest.checkDeposit()[pri:1, instance:service.TransactionServiceTest@131774fe]" name="checkDeposit" class="service.TransactionServiceTest"/>
      </group> <!-- transaction -->
      <group name="withdraw">
        <method signature="TransactionServiceTest.checkwithdraw()[pri:2, instance:service.TransactionServiceTest@131774fe]" name="checkwithdraw" class="service.TransactionServiceTest"/>
      </group> <!-- withdraw -->
    </groups>
    <test started-at="2025-10-05T10:47:07 IST" name="Default test" finished-at="2025-10-05T10:47:07 IST" duration-ms="110">
      <class name="service.TransactionServiceTest">
        <test-method is-config="true" signature="classSetup()[pri:0, instance:service.TransactionServiceTest@131774fe]" started-at="2025-10-05T10:47:07 IST" name="classSetup" finished-at="2025-10-05T10:47:07 IST" duration-ms="11" status="PASS">
          <reporter-output>
          </reporter-output>
        </test-method> <!-- classSetup -->
        <test-method is-config="true" signature="setup()[pri:0, instance:service.TransactionServiceTest@131774fe]" started-at="2025-10-05T10:47:07 IST" name="setup" finished-at="2025-10-05T10:47:07 IST" duration-ms="3" status="PASS">
          <reporter-output>
          </reporter-output>
        </test-method> <!-- setup -->
        <test-method signature="checkDeposit()[pri:1, instance:service.TransactionServiceTest@131774fe]" started-at="2025-10-05T10:47:07 IST" name="checkDeposit" finished-at="2025-10-05T10:47:07 IST" duration-ms="17" status="PASS">
          <reporter-output>
          </reporter-output>
        </test-method> <!-- checkDeposit -->
        <test-method is-config="true" signature="cleanup()[pri:0, instance:service.TransactionServiceTest@131774fe]" started-at="2025-10-05T10:47:07 IST" name="cleanup" finished-at="2025-10-05T10:47:07 IST" duration-ms="0" status="PASS">
          <reporter-output>
          </reporter-output>
        </test-method> <!-- cleanup -->
        <test-method signature="checkwithdraw()[pri:2, instance:service.TransactionServiceTest@131774fe]" started-at="2025-10-05T10:47:07 IST" name="checkwithdraw" finished-at="2025-10-05T10:47:07 IST" depends-on-methods="service.TransactionServiceTest.checkDeposit" duration-ms="1" status="PASS">
          <reporter-output>
          </reporter-output>
        </test-method> <!-- checkwithdraw -->
        <test-method is-config="true" signature="setup()[pri:0, instance:service.TransactionServiceTest@131774fe]" started-at="2025-10-05T10:47:07 IST" name="setup" finished-at="2025-10-05T10:47:07 IST" duration-ms="0" status="PASS">
          <reporter-output>
          </reporter-output>
        </test-method> <!-- setup -->
        <test-method is-config="true" signature="cleanup()[pri:0, instance:service.TransactionServiceTest@131774fe]" started-at="2025-10-05T10:47:07 IST" name="cleanup" finished-at="2025-10-05T10:47:07 IST" duration-ms="0" status="PASS">
          <reporter-output>
          </reporter-output>
        </test-method> <!-- cleanup -->
        <test-method is-config="true" signature="setup()[pri:0, instance:service.TransactionServiceTest@131774fe]" started-at="2025-10-05T10:47:07 IST" name="setup" finished-at="2025-10-05T10:47:07 IST" duration-ms="1" status="PASS">
          <reporter-output>
          </reporter-output>
        </test-method> <!-- setup -->
        <test-method signature="checkwithdrawUsingDP(java.math.BigDecimal,boolean,boolean)[pri:5, instance:service.TransactionServiceTest@131774fe]" started-at="2025-10-05T10:47:07 IST" name="checkwithdrawUsingDP" data-provider="withdrawamounts" finished-at="2025-10-05T10:47:07 IST" depends-on-methods="service.TransactionServiceTest.checkwithdraw" duration-ms="1" status="PASS">
          <params>
            <param index="0">
              <value>
                <![CDATA[50.00]]>
              </value>
            </param>
            <param index="1">
              <value>
                <![CDATA[false]]>
              </value>
            </param>
            <param index="2">
              <value>
                <![CDATA[false]]>
              </value>
            </param>
          </params>
          <reporter-output>
          </reporter-output>
        </test-method> <!-- checkwithdrawUsingDP -->
        <test-method is-config="true" signature="cleanup()[pri:0, instance:service.TransactionServiceTest@131774fe]" started-at="2025-10-05T10:47:07 IST" name="cleanup" finished-at="2025-10-05T10:47:07 IST" duration-ms="0" status="PASS">
          <reporter-output>
          </reporter-output>
        </test-method> <!-- cleanup -->
        <test-method signature="checkwithdrawUsingDP(java.math.BigDecimal,boolean,boolean)[pri:5, instance:service.TransactionServiceTest@131774fe]" started-at="2025-10-05T10:47:07 IST" name="checkwithdrawUsingDP" data-provider="withdrawamounts" finished-at="2025-10-05T10:47:07 IST" depends-on-methods="service.TransactionServiceTest.checkwithdraw" duration-ms="2" status="PASS">
          <params>
            <param index="0">
              <value>
                <![CDATA[0.01]]>
              </value>
            </param>
            <param index="1">
              <value>
                <![CDATA[false]]>
              </value>
            </param>
            <param index="2">
              <value>
                <![CDATA[false]]>
              </value>
            </param>
          </params>
          <reporter-output>
          </reporter-output>
        </test-method> <!-- checkwithdrawUsingDP -->
        <test-method is-config="true" signature="setup()[pri:0, instance:service.TransactionServiceTest@131774fe]" started-at="2025-10-05T10:47:07 IST" name="setup" finished-at="2025-10-05T10:47:07 IST" duration-ms="0" status="PASS">
          <reporter-output>
          </reporter-output>
        </test-method> <!-- setup -->
        <test-method is-config="true" signature="cleanup()[pri:0, instance:service.TransactionServiceTest@131774fe]" started-at="2025-10-05T10:47:07 IST" name="cleanup" finished-at="2025-10-05T10:47:07 IST" duration-ms="1" status="PASS">
          <reporter-output>
          </reporter-output>
        </test-method> <!-- cleanup -->
        <test-method signature="checkwithdrawUsingDP(java.math.BigDecimal,boolean,boolean)[pri:5, instance:service.TransactionServiceTest@131774fe]" started-at="2025-10-05T10:47:07 IST" name="checkwithdrawUsingDP" data-provider="withdrawamounts" finished-at="2025-10-05T10:47:07 IST" depends-on-methods="service.TransactionServiceTest.checkwithdraw" duration-ms="3" status="PASS">
          <params>
            <param index="0">
              <value>
                <![CDATA[0.00]]>
              </value>
            </param>
            <param index="1">
              <value>
                <![CDATA[true]]>
              </value>
            </param>
            <param index="2">
              <value>
                <![CDATA[false]]>
              </value>
            </param>
          </params>
          <reporter-output>
          </reporter-output>
        </test-method> <!-- checkwithdrawUsingDP -->
        <test-method is-config="true" signature="setup()[pri:0, instance:service.TransactionServiceTest@131774fe]" started-at="2025-10-05T10:47:07 IST" name="setup" finished-at="2025-10-05T10:47:07 IST" duration-ms="0" status="PASS">
          <reporter-output>
          </reporter-output>
        </test-method> <!-- setup -->
        <test-method is-config="true" signature="setup()[pri:0, instance:service.TransactionServiceTest@131774fe]" started-at="2025-10-05T10:47:07 IST" name="setup" finished-at="2025-10-05T10:47:07 IST" duration-ms="1" status="PASS">
          <reporter-output>
          </reporter-output>
        </test-method> <!-- setup -->
        <test-method is-config="true" signature="cleanup()[pri:0, instance:service.TransactionServiceTest@131774fe]" started-at="2025-10-05T10:47:07 IST" name="cleanup" finished-at="2025-10-05T10:47:07 IST" duration-ms="0" status="PASS">
          <reporter-output>
          </reporter-output>
        </test-method> <!-- cleanup -->
        <test-method signature="checkwithdrawUsingDP(java.math.BigDecimal,boolean,boolean)[pri:5, instance:service.TransactionServiceTest@131774fe]" started-at="2025-10-05T10:47:07 IST" name="checkwithdrawUsingDP" data-provider="withdrawamounts" finished-at="2025-10-05T10:47:07 IST" depends-on-methods="service.TransactionServiceTest.checkwithdraw" duration-ms="1" status="PASS">
          <params>
            <param index="0">
              <value>
                <![CDATA[-20.00]]>
              </value>
            </param>
            <param index="1">
              <value>
                <![CDATA[true]]>
              </value>
            </param>
            <param index="2">
              <value>
                <![CDATA[false]]>
              </value>
            </param>
          </params>
          <reporter-output>
          </reporter-output>
        </test-method> <!-- checkwithdrawUsingDP -->
        <test-method is-config="true" signature="cleanup()[pri:0, instance:service.TransactionServiceTest@131774fe]" started-at="2025-10-05T10:47:07 IST" name="cleanup" finished-at="2025-10-05T10:47:07 IST" duration-ms="0" status="PASS">
          <reporter-output>
          </reporter-output>
        </test-method> <!-- cleanup -->
        <test-method is-config="true" signature="setup()[pri:0, instance:service.TransactionServiceTest@131774fe]" started-at="2025-10-05T10:47:07 IST" name="setup" finished-at="2025-10-05T10:47:07 IST" duration-ms="1" status="PASS">
          <reporter-output>
          </reporter-output>
        </test-method> <!-- setup -->
        <test-method signature="checkwithdrawUsingDP(java.math.BigDecimal,boolean,boolean)[pri:5, instance:service.TransactionServiceTest@131774fe]" started-at="2025-10-05T10:47:07 IST" name="checkwithdrawUsingDP" data-provider="withdrawamounts" finished-at="2025-10-05T10:47:07 IST" depends-on-methods="service.TransactionServiceTest.checkwithdraw" duration-ms="3" status="PASS">
          <params>
            <param index="0">
              <value>
                <![CDATA[999999999999999999.99]]>
              </value>
            </param>
            <param index="1">
              <value>
                <![CDATA[false]]>
              </value>
            </param>
            <param index="2">
              <value>
                <![CDATA[true]]>
              </value>
            </param>
          </params>
          <reporter-output>
          </reporter-output>
        </test-method> <!-- checkwithdrawUsingDP -->
        <test-method is-config="true" signature="cleanup()[pri:0, instance:service.TransactionServiceTest@131774fe]" started-at="2025-10-05T10:47:07 IST" name="cleanup" finished-at="2025-10-05T10:47:07 IST" duration-ms="0" status="PASS">
          <reporter-output>
          </reporter-output>
        </test-method> <!-- cleanup -->
        <test-method signature="checkwithdrawUsingDP(java.math.BigDecimal,boolean,boolean)[pri:5, instance:service.TransactionServiceTest@131774fe]" started-at="2025-10-05T10:47:07 IST" name="checkwithdrawUsingDP" data-provider="withdrawamounts" finished-at="2025-10-05T10:47:07 IST" depends-on-methods="service.TransactionServiceTest.checkwithdraw" duration-ms="1" status="PASS">
          <params>
            <param index="0">
              <value>
                <![CDATA[200.00]]>
              </value>
            </param>
            <param index="1">
              <value>
                <![CDATA[false]]>
              </value>
            </param>
            <param index="2">
              <value>
                <![CDATA[false]]>
              </value>
            </param>
          </params>
          <reporter-output>
          </reporter-output>
        </test-method> <!-- checkwithdrawUsingDP -->
        <test-method is-config="true" signature="setup()[pri:0, instance:service.TransactionServiceTest@131774fe]" started-at="2025-10-05T10:47:07 IST" name="setup" finished-at="2025-10-05T10:47:07 IST" duration-ms="0" status="PASS">
          <reporter-output>
          </reporter-output>
        </test-method> <!-- setup -->
        <test-method is-config="true" signature="cleanup()[pri:0, instance:service.TransactionServiceTest@131774fe]" started-at="2025-10-05T10:47:07 IST" name="cleanup" finished-at="2025-10-05T10:47:07 IST" duration-ms="0" status="PASS">
          <reporter-output>
          </reporter-output>
        </test-method> <!-- cleanup -->
      </class> <!-- service.TransactionServiceTest -->
    </test> <!-- Default test -->
  </suite> <!-- Default suite -->
</testng-results>
